E:\WORK\VS2010\ATTACKTHEAIRCRAFT\ATTACKTHEAIRCRAFT\DEBUG\AIRCRAFT.OBJ
E:\WORK\VS2010\ATTACKTHEAIRCRAFT\ATTACKTHEAIRCRAFT\DEBUG\ATTACKTHEAIRCRAFT.EXE.EMBED.MANIFEST
E:\WORK\VS2010\ATTACKTHEAIRCRAFT\ATTACKTHEAIRCRAFT\DEBUG\ATTACKTHEAIRCRAFT.EXE.EMBED.MANIFEST.RES
E:\WORK\VS2010\ATTACKTHEAIRCRAFT\ATTACKTHEAIRCRAFT\DEBUG\ATTACKTHEAIRCRAFT.EXE.INTERMEDIATE.MANIFEST
E:\WORK\VS2010\ATTACKTHEAIRCRAFT\ATTACKTHEAIRCRAFT\DEBUG\ATTACKTHEAIRCRAFT.OBJ
E:\WORK\VS2010\ATTACKTHEAIRCRAFT\ATTACKTHEAIRCRAFT\DEBUG\ATTACKTHEAIRCRAFT.PCH
E:\WORK\VS2010\ATTACKTHEAIRCRAFT\ATTACKTHEAIRCRAFT\DEBUG\ATTACKTHEAIRCRAFT.RES
E:\Work\vs2010\AttackTheAircraft\AttackTheAircraft\Debug\AttackTheAircraft_manifest.rc
E:\WORK\VS2010\ATTACKTHEAIRCRAFT\ATTACKTHEAIRCRAFT\DEBUG\ATTACKTHEAIRCRAFTDOC.OBJ
E:\WORK\VS2010\ATTACKTHEAIRCRAFT\ATTACKTHEAIRCRAFT\DEBUG\ATTACKTHEAIRCRAFTVIEW.OBJ
E:\Work\vs2010\AttackTheAircraft\AttackTheAircraft\Debug\cl.command.1.tlog
E:\Work\vs2010\AttackTheAircraft\AttackTheAircraft\Debug\CL.read.1.tlog
E:\Work\vs2010\AttackTheAircraft\AttackTheAircraft\Debug\CL.write.1.tlog
E:\Work\vs2010\AttackTheAircraft\AttackTheAircraft\Debug\link.command.1.tlog
E:\Work\vs2010\AttackTheAircraft\AttackTheAircraft\Debug\link.read.1.tlog
E:\Work\vs2010\AttackTheAircraft\AttackTheAircraft\Debug\link.write.1.tlog
E:\Work\vs2010\AttackTheAircraft\AttackTheAircraft\Debug\link-cvtres.read.1.tlog
E:\Work\vs2010\AttackTheAircraft\AttackTheAircraft\Debug\link-cvtres.write.1.tlog
E:\WORK\VS2010\ATTACKTHEAIRCRAFT\ATTACKTHEAIRCRAFT\DEBUG\MAINFRM.OBJ
E:\Work\vs2010\AttackTheAircraft\AttackTheAircraft\Debug\mt.command.1.tlog
E:\Work\vs2010\AttackTheAircraft\AttackTheAircraft\Debug\mt.read.1.tlog
E:\Work\vs2010\AttackTheAircraft\AttackTheAircraft\Debug\mt.write.1.tlog
E:\Work\vs2010\AttackTheAircraft\AttackTheAircraft\Debug\rc.command.1.tlog
E:\Work\vs2010\AttackTheAircraft\AttackTheAircraft\Debug\rc.read.1.tlog
E:\Work\vs2010\AttackTheAircraft\AttackTheAircraft\Debug\rc.write.1.tlog
E:\WORK\VS2010\ATTACKTHEAIRCRAFT\ATTACKTHEAIRCRAFT\DEBUG\STDAFX.OBJ
E:\Work\vs2010\AttackTheAircraft\AttackTheAircraft\Debug\vc100.idb
E:\WORK\VS2010\ATTACKTHEAIRCRAFT\ATTACKTHEAIRCRAFT\DEBUG\VC100.PDB
E:\WORK\VS2010\ATTACKTHEAIRCRAFT\DEBUG\ATTACKTHEAIRCRAFT.EXE
E:\WORK\VS2010\ATTACKTHEAIRCRAFT\DEBUG\ATTACKTHEAIRCRAFT.ILK
E:\WORK\VS2010\ATTACKTHEAIRCRAFT\DEBUG\ATTACKTHEAIRCRAFT.PDB
