生成启动时间为 2014/4/3 0:20:44。
     1>项目“E:\Work\vs2010\AttackTheAircraft\AttackTheAircraft\AttackTheAircraft.vcxproj”在节点 2 上(build 个目标)。
     1>PrepareForBuild:
         正在创建目录“E:\Work\vs2010\AttackTheAircraft\Release\”。
       InitializeBuildStatus:
         正在创建“Release\AttackTheAircraft.unsuccessfulbuild”，因为已指定“AlwaysCreate”。
       ClCompile:
         E:\Programs\vs2010\VC\bin\CL.exe /c /Zi /nologo /W3 /WX- /O2 /Oi /Oy- /GL /D WIN32 /D _WINDOWS /D NDEBUG /D _UNICODE /D UNICODE /Gm- /EHsc /MT /GS /Gy /fp:precise /Zc:wchar_t /Zc:forScope /Yc"StdAfx.h" /Fp"Release\AttackTheAircraft.pch" /Fo"Release\\" /Fd"Release\vc100.pdb" /Gd /TP /analyze- /errorReport:prompt stdafx.cpp
         stdafx.cpp
         E:\Programs\vs2010\VC\bin\CL.exe /c /Zi /nologo /W3 /WX- /O2 /Oi /Oy- /GL /D WIN32 /D _WINDOWS /D NDEBUG /D _UNICODE /D UNICODE /Gm- /EHsc /MT /GS /Gy /fp:precise /Zc:wchar_t /Zc:forScope /Yu"StdAfx.h" /Fp"Release\AttackTheAircraft.pch" /Fo"Release\\" /Fd"Release\vc100.pdb" /Gd /TP /analyze- /errorReport:prompt Aircraft.cpp AttackTheAircraft.cpp AttackTheAircraftDoc.cpp AttackTheAircraftView.cpp MainFrm.cpp
         Aircraft.cpp
     1>Aircraft.cpp(52): warning C4800: “BOOL”: 将值强制为布尔值“true”或“false”(性能警告)
         AttackTheAircraft.cpp
         AttackTheAircraftDoc.cpp
         AttackTheAircraftView.cpp
         MainFrm.cpp
       ResourceCompile:
         C:\Program Files (x86)\Microsoft SDKs\Windows\v7.0A\bin\rc.exe /D NDEBUG /D _UNICODE /D UNICODE /l"0x0804" /IRelease\ /nologo /fo"Release\AttackTheAircraft.res" AttackTheAircraft.rc 
       Link:
         E:\Programs\vs2010\VC\bin\link.exe /ERRORREPORT:PROMPT /OUT:"E:\Work\vs2010\AttackTheAircraft\Release\AttackTheAircraft.exe" /INCREMENTAL:NO /NOLOGO /MANIFEST /ManifestFile:"Release\AttackTheAircraft.exe.intermediate.manifest" /MANIFESTUAC:"level='asInvoker' uiAccess='false'" /DEBUG /PDB:"E:\Work\vs2010\AttackTheAircraft\Release\AttackTheAircraft.pdb" /SUBSYSTEM:WINDOWS /OPT:REF /OPT:ICF /LTCG /TLBID:1 /ENTRY:"wWinMainCRTStartup" /DYNAMICBASE /NXCOMPAT /IMPLIB:"E:\Work\vs2010\AttackTheAircraft\Release\AttackTheAircraft.lib" /MACHINE:X86 Release\AttackTheAircraft.res
         Release\Aircraft.obj
         Release\AttackTheAircraft.obj
         Release\AttackTheAircraftDoc.obj
         Release\AttackTheAircraftView.obj
         Release\MainFrm.obj
         Release\stdafx.obj
         正在生成代码
         已完成代码的生成
         AttackTheAircraft.vcxproj -> E:\Work\vs2010\AttackTheAircraft\Release\AttackTheAircraft.exe
       Manifest:
         C:\Program Files (x86)\Microsoft SDKs\Windows\v7.0A\bin\mt.exe /nologo /verbose /outputresource:"E:\Work\vs2010\AttackTheAircraft\Release\AttackTheAircraft.exe;#1" /manifest Release\AttackTheAircraft.exe.intermediate.manifest E:\Programs\vs2010\VC\Include\Manifest\dpiaware.manifest
       FinalizeBuildStatus:
         正在删除文件“Release\AttackTheAircraft.unsuccessfulbuild”。
         正在对“Release\AttackTheAircraft.lastbuildstate”执行 Touch 任务。
     1>已完成生成项目“E:\Work\vs2010\AttackTheAircraft\AttackTheAircraft\AttackTheAircraft.vcxproj”(build 个目标)的操作。

生成成功。

已用时间 00:00:18.38
